  Building Custom Rule E:/Libraries/PhysX/physx/source/compiler/cmake/CMakeLists.txt
  ExtBroadPhase.cpp
  ExtCollection.cpp
  ExtConvexMeshExt.cpp
  ExtCpuWorkerThread.cpp
  ExtDefaultCpuDispatcher.cpp
  ExtDefaultErrorCallback.cpp
  ExtDefaultProfiler.cpp
  ExtDefaultSimulationFilterShader.cpp
  ExtDefaultStreams.cpp
  ExtExtensions.cpp
  ExtPvd.cpp
  ExtPxStringTable.cpp
  ExtRaycastCCD.cpp
  ExtRigidBodyExt.cpp
  ExtRigidActorExt.cpp
  ExtSceneQueryExt.cpp
  ExtSceneQuerySystem.cpp
  ExtCustomSceneQuerySystem.cpp
  ExtSqQuery.cpp
  ExtSqManager.cpp
  ExtSimpleFactory.cpp
  ExtSmoothNormals.cpp
  ExtDeformableSurfaceExt.cpp
  ExtDeformableVolumeExt.cpp
  ExtTriangleMeshExt.cpp
  ExtTetrahedronMeshExt.cpp
  ExtRemeshingExt.cpp
  ExtSampling.cpp
  ExtTetMakerExt.cpp
  ExtGjkQueryExt.cpp
  ExtCustomGeometryExt.cpp
  ExtConvexCoreExt.cpp
  ExtUtilities.cpp
  ExtTetUnionFind.cpp
  ExtDelaunayBoundaryInserter.cpp
  ExtDelaunayTetrahedralizer.cpp
  ExtTetSplitting.cpp
  ExtFastWindingNumber.cpp
  ExtMeshSimplificator.cpp
  ExtBVH.cpp
  ExtRemesher.cpp
  ExtInsideTester.cpp
  ExtOctreeTetrahedralizer.cpp
  ExtVoxelTetrahedralizer.cpp
  ExtGearJoint.cpp
  ExtRackAndPinionJoint.cpp
  ExtD6Joint.cpp
  ExtD6JointCreate.cpp
  ExtDistanceJoint.cpp
  ExtFixedJoint.cpp
  ExtJoint.cpp
  ExtPrismaticJoint.cpp
  ExtRevoluteJoint.cpp
  ExtSphericalJoint.cpp
  PxExtensionAutoGeneratedMetaDataObjects.cpp
  ExtOmniPvdRegistrationData.cpp
  OmniPvdPxExtensionsSampler.cpp
  SnSerialization.cpp
  SnSerializationRegistry.cpp
  SnSerialUtils.cpp
  SnJointRepXSerializer.cpp
  SnRepXCoreSerializer.cpp
  SnRepXUpgrader.cpp
  SnXmlSerialization.cpp
  PsFastXml.cpp
  SnBinaryDeserialization.cpp
  SnBinarySerialization.cpp
  SnSerializationContext.cpp
  PhysXExtensions.vcxproj -> E:\Libraries\PhysX\physx\bin\win.x86_64.vc143.mt\checked\PhysXExtensions_static_64.lib
