  Building Custom Rule E:/Libraries/PhysX/physx/source/compiler/cmake/CMakeLists.txt
  CmPtrTable.cpp
  CmCollection.cpp
  CmRadixSort.cpp
  CmSerialize.cpp
  CmVisualization.cpp
  CmWindowsModuleUpdateLoader.cpp
  CmWindowsDelayLoadHook.cpp
  GuBox.cpp
  GuCapsule.cpp
  GuCCTSweepTests.cpp
  GuGeometryQuery.cpp
  GuInternal.cpp
  GuMeshFactory.cpp
  GuMTD.cpp
  GuOverlapTests.cpp
  GuRaycastTests.cpp
  GuSweepMTD.cpp
  GuSweepSharedTests.cpp
  GuSweepTests.cpp
  GuSDF.cpp
  GuGjkQuery.cpp
  GuWindingNumber.cpp
  GuConvexGeometry.cpp
  GuConvexSupport.cpp
  GuCCDSweepConvexMesh.cpp
  GuCCDSweepPrimitives.cpp
  GuBarycentricCoordinates.cpp
  GuAdjacencies.cpp
  GuEdgeList.cpp
  GuSeparatingAxes.cpp
  GuQuantizer.cpp
  GuMeshCleaner.cpp
  GuVertexReducer.cpp
  GuMeshAnalysis.cpp
  GuContactBoxBox.cpp
  GuContactCapsuleBox.cpp
  GuContactCapsuleCapsule.cpp
  GuContactCapsuleConvex.cpp
  GuContactCapsuleMesh.cpp
  GuContactConvexConvex.cpp
  GuContactConvexMesh.cpp
  GuContactConvexCoreMesh.cpp
  GuContactConvexCoreConvex.cpp
  GuContactPlaneConvexCore.cpp
  GuContactPlaneBox.cpp
  GuContactPlaneCapsule.cpp
  GuContactPlaneConvex.cpp
  GuContactPlaneMesh.cpp
  GuContactPolygonPolygon.cpp
  GuContactMeshMesh.cpp
  GuContactSphereBox.cpp
  GuContactSphereCapsule.cpp
  GuContactSphereMesh.cpp
  GuContactSpherePlane.cpp
  GuContactSphereSphere.cpp
  GuContactCustomGeometry.cpp
  GuFeatureCode.cpp
  GuBigConvexData.cpp
  GuConvexHelper.cpp
  GuConvexMesh.cpp
  GuConvexSupportTable.cpp
  GuConvexUtilsInternal.cpp
  GuHillClimbing.cpp
  GuShapeConvex.cpp
  GuDistancePointBox.cpp
  GuDistancePointTriangle.cpp
  GuDistanceSegmentBox.cpp
  GuDistanceSegmentSegment.cpp
  GuDistanceSegmentTriangle.cpp
  GuDistanceTriangleTriangle.cpp
  GuDistancePointTetrahedron.cpp
  GuEPA.cpp
  GuGJKSimplex.cpp
  GuGJKTest.cpp
  GuHeightField.cpp
  GuHeightFieldUtil.cpp
  GuOverlapTestsHF.cpp
  GuSweepsHF.cpp
  GuIntersectionBoxBox.cpp
  GuIntersectionCapsuleTriangle.cpp
  GuIntersectionEdgeEdge.cpp
  GuIntersectionRayBox.cpp
  GuIntersectionRayCapsule.cpp
  GuIntersectionRaySphere.cpp
  GuIntersectionSphereBox.cpp
  GuIntersectionTetrahedronBox.cpp
  GuIntersectionTriangleBox.cpp
  GuIntersectionTriangleTriangle.cpp
  GuBV4.cpp
  GuBV4Build.cpp
  GuBV4_AABBSweep.cpp
  GuBV4_BoxOverlap.cpp
  GuBV4_CapsuleSweep.cpp
  GuBV4_CapsuleSweepAA.cpp
  GuBV4_MeshMeshOverlap.cpp
  GuBV4_OBBSweep.cpp
  GuBV4_Raycast.cpp
  GuBV4_SphereOverlap.cpp
  GuBV4_SphereSweep.cpp
  GuMidphaseBV4.cpp
  GuMeshQuery.cpp
  GuMidphaseRTree.cpp
  GuOverlapTestsMesh.cpp
  GuRTree.cpp
  GuRTreeQueries.cpp
  GuSweepsMesh.cpp
  GuTriangleMesh.cpp
  GuTriangleMeshBV4.cpp
  GuTriangleMeshRTree.cpp
  GuBV32.cpp
  GuBV32Build.cpp
  GuTetrahedronMesh.cpp
  GuTetrahedronMeshUtils.cpp
  GuPCMContactBoxBox.cpp
  GuPCMContactBoxConvex.cpp
  GuPCMContactCapsuleBox.cpp
  GuPCMContactCapsuleCapsule.cpp
  GuPCMContactCapsuleConvex.cpp
  GuPCMContactCapsuleHeightField.cpp
  GuPCMContactCapsuleMesh.cpp
  GuPCMContactConvexCommon.cpp
  GuPCMContactConvexConvex.cpp
  GuPCMContactConvexHeightField.cpp
  GuPCMContactConvexMesh.cpp
  GuPCMContactGenBoxConvex.cpp
  GuPCMContactGenSphereCapsule.cpp
  GuPCMContactPlaneBox.cpp
  GuPCMContactPlaneCapsule.cpp
  GuPCMContactPlaneConvex.cpp
  GuPCMContactSphereBox.cpp
  GuPCMContactSphereCapsule.cpp
  GuPCMContactSphereConvex.cpp
  GuPCMContactSphereHeightField.cpp
  GuPCMContactSphereMesh.cpp
  GuPCMContactSpherePlane.cpp
  GuPCMContactSphereSphere.cpp
  GuPCMContactCustomGeometry.cpp
  GuPCMShapeConvex.cpp
  GuPCMTriangleContactGen.cpp
  GuPersistentContactManifold.cpp
  GuPCMContactGenUtil.cpp
  GuSweepBoxBox.cpp
  GuSweepBoxSphere.cpp
  GuSweepBoxTriangle_FeatureBased.cpp
  GuSweepBoxTriangle_SAT.cpp
  GuSweepCapsuleBox.cpp
  GuSweepCapsuleCapsule.cpp
  GuSweepCapsuleTriangle.cpp
  GuSweepSphereCapsule.cpp
  GuSweepSphereSphere.cpp
  GuSweepSphereTriangle.cpp
  GuSweepTriangleUtils.cpp
  GuBounds.cpp
  GuAABBTree.cpp
  GuAABBTreeUpdateMap.cpp
  GuSqInternal.cpp
  GuIncrementalAABBTree.cpp
  GuSAH.cpp
  GuBVH.cpp
  GuIncrementalAABBPrunerCore.cpp
  GuIncrementalAABBPruner.cpp
  GuPruningPool.cpp
  GuBucketPruner.cpp
  GuMaverickNode.cpp
  GuExtendedBucketPruner.cpp
  GuSecondaryPruner.cpp
  GuAABBPruner.cpp
  GuActorShapeMap.cpp
  GuQuerySystem.cpp
  GuFactory.cpp
  GuRTreeCooking.cpp
  GuCookingBVH.cpp
  GuCookingHF.cpp
  GuCookingConvexMesh.cpp
  GuCookingTriangleMesh.cpp
  GuCookingTetrahedronMesh.cpp
  GuCookingVolumeIntegration.cpp
  GuCookingQuickHullConvexHullLib.cpp
  GuCookingConvexPolygonsBuilder.cpp
  GuCookingConvexMeshBuilder.cpp
  GuCookingConvexHullUtils.cpp
  GuCookingConvexHullLib.cpp
  GuCookingConvexHullBuilder.cpp
  GuCookingBigConvexDataBuilder.cpp
  GuCookingSDF.cpp
     Bibliothek "E:/Libraries/PhysX/physx/bin/win.x86_64.vc143.mt/checked/PhysXCommon_64.lib" und Objekt "E:/Libraries/PhysX/physx/bin/win.x86_64.vc143.mt/checked/PhysXCommon_64.exp" werden erstellt.
  PhysXCommon.vcxproj -> E:\Libraries\PhysX\physx\bin\win.x86_64.vc143.mt\checked\PhysXCommon_64.dll
