  Building Custom Rule E:/Libraries/PhysX/physx/source/compiler/cmake/CMakeLists.txt
  ScActorCore.cpp
  ScActorSim.cpp
  ScGpuActorSim.cpp
  ScArticulationCore.cpp
  ScArticulationJointCore.cpp
  ScArticulationTendonCore.cpp
  ScArticulationJointSim.cpp
  ScArticulationSim.cpp
  ScArticulationTendonJointCore.cpp
  ScArticulationTendonSim.cpp
  ScArticulationMimicJointSim.cpp
  ScBroadphase.cpp
  ScDeformableSurfaceCore.cpp
  ScDeformableSurfaceSim.cpp
  ScDeformableVolumeCore.cpp
  ScDeformableVolumeSim.cpp
  ScFiltering.cpp
  ScParticleSystemCore.cpp
  ScParticleSystemSim.cpp
  ScParticleSystemShapeCore.cpp
  ScBodyCore.cpp
  ScBodySim.cpp
  ScConstraintBreakage.cpp
  ScConstraintCore.cpp
  ScConstraintInteraction.cpp
  ScConstraintSim.cpp
  ScElementInteractionMarker.cpp
  ScElementSim.cpp
  ScInteraction.cpp
  ScIterators.cpp
  ScKinematics.cpp
  ScNPhaseCore.cpp
  ScPhysics.cpp
  ScRigidCore.cpp
  ScRigidSim.cpp
  ScScene.cpp
  ScCCD.cpp
  ScShapeCore.cpp
  ScShapeInteraction.cpp
  ScShapeSim.cpp
  ScShapeSimBase.cpp
  ScSimStats.cpp
  ScSimulationController.cpp
  ScSqBoundsManager.cpp
  ScStaticCore.cpp
  ScTriggerInteraction.cpp
  ScVisualize.cpp
  ScSleep.cpp
  ScPipeline.cpp
  SimulationController.vcxproj -> E:\Libraries\PhysX\physx\bin\win.x86_64.vc143.mt\checked\SimulationController_static_64.lib
