  Building Custom Rule E:/Libraries/PhysX/physx/source/compiler/cmake/CMakeLists.txt
  VhCommandHelpers.cpp
  VhDrivetrainFunctions.cpp
  VhDrivetrainHelpers.cpp
  VhPhysXActorFunctions.cpp
  VhPhysXActorHelpers.cpp
  VhPhysXConstraintFunctions.cpp
  VhPhysXConstraintHelpers.cpp
  VhPhysXRoadGeometryFunctions.cpp
  VhPhysXRoadGeometryHelpers.cpp
  VhRigidBodyFunctions.cpp
  VhSteeringFunctions.cpp
  VhSuspensionFunctions.cpp
  VhSuspensionHelpers.cpp
  VhTireFunctions.cpp
  VhTireHelpers.cpp
  VhWheelFunctions.cpp
  VhPvdHelpers.cpp
  VhPvdFunctions.cpp
  VhPvdWriter.cpp
  PhysXVehicle2.vcxproj -> E:\Libraries\PhysX\physx\bin\win.x86_64.vc143.mt\checked\PhysXVehicle2_static_64.lib
