  Building Custom Rule E:/Libraries/PhysX/physx/source/compiler/cmake/CMakeLists.txt
  NpOmniPvd.cpp
  NpOmniPvdRegistrationData.cpp
  NpOmniPvdMetaData.cpp
  NpOmniPvdSimulationControllerCallbacks.cpp
  OmniPvdPxSampler.cpp
  OmniPvdChunkAlloc.cpp
  NpPvdSceneClient.cpp
  NpPvdSceneQueryCollector.cpp
  PvdMetaDataPvdBinding.cpp
  PvdPhysicsClient.cpp
  PxAutoGeneratedMetaDataObjects.cpp
  PxMetaDataObjects.cpp
  NpActor.cpp
  NpAggregate.cpp
  NpDeformableAttachment.cpp
  NpDeformableElementFilter.cpp
  NpDeformableSurface.cpp
  NpDeformableVolume.cpp
  NpPBDParticleSystem.cpp
  NpParticleBuffer.cpp
  NpConstraint.cpp
  NpFactory.cpp
  NpPhysics.cpp
  NpBounds.cpp
  NpPruningStructure.cpp
  NpCheck.cpp
  NpRigidDynamic.cpp
  NpRigidStatic.cpp
  NpScene.cpp
  NpSceneFetchResults.cpp
  NpSceneQueries.cpp
  NpSerializerAdapter.cpp
  NpShape.cpp
  NpShapeManager.cpp
  NpDebugViz.cpp
  NpDirectGPUAPI.cpp
  NpImmediateMode.cpp
  NpMaterial.cpp
  NpDeformableSurfaceMaterial.cpp
  NpDeformableVolumeMaterial.cpp
  NpPBDMaterial.cpp
  NpArticulationReducedCoordinate.cpp
  NpArticulationJointReducedCoordinate.cpp
  NpArticulationLink.cpp
  NpArticulationTendon.cpp
  NpArticulationMimicJoint.cpp
  PxGpu.cpp
  PxPhysXGpuModuleLoader.cpp
  NpWindowsDelayLoadHook.cpp
     Bibliothek "E:/Libraries/PhysX/physx/bin/win.x86_64.vc143.mt/checked/PhysX_64.lib" und Objekt "E:/Libraries/PhysX/physx/bin/win.x86_64.vc143.mt/checked/PhysX_64.exp" werden erstellt.
  PhysX.vcxproj -> E:\Libraries\PhysX\physx\bin\win.x86_64.vc143.mt\checked\PhysX_64.dll
